<?xml version="1.0" encoding="UTF-8"?>
<testsuite name="pl.edu.s26435bank.AccountService.AccountServiceTest" tests="1" skipped="0" failures="0" errors="0" timestamp="2023-01-22T16:30:53" hostname="A311-05" time="0.115">
  <properties/>
  <testcase name="shouldFindAccountById()" classname="pl.edu.s26435bank.AccountService.AccountServiceTest" time="0.115"/>
  <system-out><![CDATA[]]></system-out>
  <system-err><![CDATA[]]></system-err>
</testsuite>
